c:\users\zzk\desktop\trafficinfosystem\trafficinfosystem\debug\vc141.pdb
c:\users\zzk\desktop\trafficinfosystem\trafficinfosystem\debug\vc141.idb
c:\users\zzk\desktop\trafficinfosystem\trafficinfosystem\debug\cview_add.obj
c:\users\zzk\desktop\trafficinfosystem\trafficinfosystem\debug\ctabview_rup.obj
c:\users\zzk\desktop\trafficinfosystem\trafficinfosystem\debug\trafficinfosystem.obj
c:\users\zzk\desktop\trafficinfosystem\trafficinfosystem\debug\cview_del.obj
c:\users\zzk\desktop\trafficinfosystem\trafficinfosystem\debug\cview_query.obj
c:\users\zzk\desktop\trafficinfosystem\trafficinfosystem\debug\clistview_rdown.obj
c:\users\zzk\desktop\trafficinfosystem\trafficinfosystem\debug\trafficinfosystem.pch
c:\users\zzk\desktop\trafficinfosystem\trafficinfosystem\debug\stdafx.obj
c:\users\zzk\desktop\trafficinfosystem\trafficinfosystem\debug\trafficinfosystemview.obj
c:\users\zzk\desktop\trafficinfosystem\trafficinfosystem\debug\trafficinfosystemdoc.obj
c:\users\zzk\desktop\trafficinfosystem\trafficinfosystem\debug\mainfrm.obj
c:\users\zzk\desktop\trafficinfosystem\trafficinfosystem\debug\cview_lup.obj
c:\users\zzk\desktop\trafficinfosystem\trafficinfosystem\debug\ceditview_ldown.obj
c:\users\zzk\desktop\trafficinfosystem\debug\trafficinfosystem.exe
c:\users\zzk\desktop\trafficinfosystem\debug\trafficinfosystem.ilk
c:\users\zzk\desktop\trafficinfosystem\debug\trafficinfosystem.pdb
c:\users\zzk\desktop\trafficinfosystem\trafficinfosystem\debug\trafficinfosystem.res
c:\users\zzk\desktop\trafficinfosystem\trafficinfosystem\debug\traffici.b4f7084a.tlog\cl.command.1.tlog
c:\users\zzk\desktop\trafficinfosystem\trafficinfosystem\debug\traffici.b4f7084a.tlog\cl.read.1.tlog
c:\users\zzk\desktop\trafficinfosystem\trafficinfosystem\debug\traffici.b4f7084a.tlog\cl.write.1.tlog
c:\users\zzk\desktop\trafficinfosystem\trafficinfosystem\debug\traffici.b4f7084a.tlog\link.command.1.tlog
c:\users\zzk\desktop\trafficinfosystem\trafficinfosystem\debug\traffici.b4f7084a.tlog\link.read.1.tlog
c:\users\zzk\desktop\trafficinfosystem\trafficinfosystem\debug\traffici.b4f7084a.tlog\link.write.1.tlog
c:\users\zzk\desktop\trafficinfosystem\trafficinfosystem\debug\traffici.b4f7084a.tlog\rc.command.1.tlog
c:\users\zzk\desktop\trafficinfosystem\trafficinfosystem\debug\traffici.b4f7084a.tlog\rc.read.1.tlog
c:\users\zzk\desktop\trafficinfosystem\trafficinfosystem\debug\traffici.b4f7084a.tlog\rc.write.1.tlog
